<?xml version="1.0" encoding="UTF-8"?>
<testng-results ignored="0" total="3" passed="3" failed="0" skipped="0">
  <reporter-output>
  </reporter-output>
  <suite started-at="2025-02-09T13:41:53 IST" name="Suite" finished-at="2025-02-09T13:42:06 IST" duration-ms="13180">
    <groups>
    </groups>
    <test started-at="2025-02-09T13:41:53 IST" name="Test" finished-at="2025-02-09T13:42:06 IST" duration-ms="13180">
      <class name="com.test.OrangeHRMTest">
        <test-method signature="orangeHrmLogin()[pri:1, instance:com.test.OrangeHRMTest@3bb9a3ff]" started-at="2025-02-09T13:41:53 IST" name="orangeHrmLogin" finished-at="2025-02-09T13:42:02 IST" duration-ms="8401" status="PASS">
          <reporter-output>
          </reporter-output>
        </test-method> <!-- orangeHrmLogin -->
        <test-method signature="checkAdminButtonDisplayed()[pri:2, instance:com.test.OrangeHRMTest@3bb9a3ff]" started-at="2025-02-09T13:42:02 IST" name="checkAdminButtonDisplayed" finished-at="2025-02-09T13:42:05 IST" duration-ms="2990" status="PASS">
          <reporter-output>
          </reporter-output>
        </test-method> <!-- checkAdminButtonDisplayed -->
        <test-method signature="logOutOrangeHrm()[pri:3, instance:com.test.OrangeHRMTest@3bb9a3ff]" started-at="2025-02-09T13:42:05 IST" name="logOutOrangeHrm" finished-at="2025-02-09T13:42:06 IST" duration-ms="1725" status="PASS">
          <reporter-output>
          </reporter-output>
        </test-method> <!-- logOutOrangeHrm -->
      </class> <!-- com.test.OrangeHRMTest -->
    </test> <!-- Test -->
  </suite> <!-- Suite -->
</testng-results>
