<?xml version="1.0" encoding="UTF-8"?>
<!-- Generated by org.testng.reporters.JUnitXMLReporter -->
<testsuite ignored="0" hostname="DESKTOP-RGVI8T0" failures="0" tests="3" name="AdhocTest" time="11.057" errors="0" timestamp="2025-02-08T22:23:40 IST">
  <testcase classname="listenersDemo.OrangeHrmTestcases" name="orangeHrmLogin" time="6.649"/>
  <testcase classname="listenersDemo.OrangeHrmTestcases" name="checkAdminButtonDisplayed" time="2.804"/>
  <testcase classname="listenersDemo.OrangeHrmTestcases" name="logOutOrangeHrm" time="1.573"/>
</testsuite> <!-- AdhocTest -->
