<?xml version="1.0" encoding="UTF-8"?>
<testng-results ignored="0" total="3" passed="3" failed="0" skipped="0">
  <reporter-output>
  </reporter-output>
  <suite started-at="2025-02-09T17:30:40 IST" name="Default suite" finished-at="2025-02-09T17:30:54 IST" duration-ms="13870">
    <groups>
    </groups>
    <test started-at="2025-02-09T17:30:40 IST" name="Default test" finished-at="2025-02-09T17:30:54 IST" duration-ms="13870">
      <class name="com.test.OrangeHRMTest">
        <test-method signature="orangeHrmLogin()[pri:1, instance:com.test.OrangeHRMTest@34e9fd99]" started-at="2025-02-09T17:30:40 IST" name="orangeHrmLogin" finished-at="2025-02-09T17:30:50 IST" duration-ms="10394" status="PASS">
          <reporter-output>
          </reporter-output>
        </test-method> <!-- orangeHrmLogin -->
        <test-method signature="checkAdminButtonDisplayed()[pri:2, instance:com.test.OrangeHRMTest@34e9fd99]" started-at="2025-02-09T17:30:50 IST" name="checkAdminButtonDisplayed" finished-at="2025-02-09T17:30:52 IST" duration-ms="1792" status="PASS">
          <reporter-output>
          </reporter-output>
        </test-method> <!-- checkAdminButtonDisplayed -->
        <test-method signature="logOutOrangeHrm()[pri:3, instance:com.test.OrangeHRMTest@34e9fd99]" started-at="2025-02-09T17:30:52 IST" name="logOutOrangeHrm" finished-at="2025-02-09T17:30:54 IST" duration-ms="1626" status="PASS">
          <reporter-output>
          </reporter-output>
        </test-method> <!-- logOutOrangeHrm -->
      </class> <!-- com.test.OrangeHRMTest -->
    </test> <!-- Default test -->
  </suite> <!-- Default suite -->
</testng-results>
