<?xml version="1.0" encoding="UTF-8"?>
<!-- Generated by org.testng.reporters.JUnitXMLReporter -->
<testsuite ignored="0" hostname="DESKTOP-RGVI8T0" failures="0" tests="4" name="TestruninGroup" time="0.055" errors="0" timestamp="2025-02-07T17:57:34 IST">
  <testcase classname="groupDemo.GroupRunOfTestCases" name="login_1" time="0.013"/>
  <testcase classname="groupDemo.GroupRunOfTestCases" name="login_2" time="0.002"/>
  <testcase classname="groupDemo.GroupRunOfTestCases" name="resetPassword_1" time="0.002"/>
  <testcase classname="groupDemo.GroupRunOfTestCases" name="resetPassword_2" time="0.0"/>
</testsuite> <!-- TestruninGroup -->
