<?xml version="1.0" encoding="UTF-8"?>
<!-- Generated by org.testng.reporters.JUnitXMLReporter -->
<testsuite ignored="0" hostname="DESKTOP-RGVI8T0" failures="0" tests="3" name="Test" time="13.18" errors="0" timestamp="2025-02-09T13:42:06 IST">
  <testcase classname="com.test.OrangeHRMTest" name="orangeHrmLogin" time="8.401"/>
  <testcase classname="com.test.OrangeHRMTest" name="checkAdminButtonDisplayed" time="2.99"/>
  <testcase classname="com.test.OrangeHRMTest" name="logOutOrangeHrm" time="1.725"/>
</testsuite> <!-- Test -->
