<?xml version="1.0" encoding="UTF-8"?>
<!-- Generated by org.testng.reporters.JUnitXMLReporter -->
<testsuite ignored="2" hostname="DESKTOP-RGVI8T0" failures="0" tests="3" name="sanityTest" time="0.062" errors="0" timestamp="2025-02-07T18:22:11 IST">
  <testcase classname="groupDemo.SignUp" name="signUp" time="0.011"/>
  <testcase classname="groupDemo.GroupRunOfTestCases" name="login_1" time="0.002"/>
  <testcase classname="groupDemo.GroupRunOfTestCases" name="resetPassword_2" time="0.001"/>
  <testcase classname="groupDemo.GroupRunOfTestCases" name="resetPassword_1" time="0.0">
    <ignored/>
  </testcase> <!-- resetPassword_1 -->
  <testcase classname="groupDemo.GroupRunOfTestCases" name="login_2" time="0.0">
    <ignored/>
  </testcase> <!-- login_2 -->
</testsuite> <!-- sanityTest -->
