<?xml version="1.0" encoding="UTF-8"?>
<!-- Generated by org.testng.reporters.JUnitXMLReporter -->
<testsuite ignored="0" hostname="DESKTOP-RGVI8T0" failures="0" tests="3" name="Regression test cases" time="10.213" errors="0" timestamp="2025-02-08T16:47:27 IST">
  <testcase classname="listenersDemo.OrangeHrmTestcases" name="orangeHrmLogin" time="5.517"/>
  <testcase classname="listenersDemo.OrangeHrmTestcases" name="checkAdminButtonDisplayed" time="2.976"/>
  <testcase classname="listenersDemo.OrangeHrmTestcases" name="logOutOrangeHrm" time="1.687"/>
</testsuite> <!-- Regression test cases -->
