<?xml version="1.0" encoding="UTF-8"?>
<!-- Generated by org.testng.reporters.JUnitXMLReporter -->
<testsuite ignored="0" hostname="DESKTOP-RGVI8T0" failures="0" tests="3" name="Default test" time="13.87" errors="0" timestamp="2025-02-09T17:30:54 IST">
  <testcase classname="com.test.OrangeHRMTest" name="orangeHrmLogin" time="10.394"/>
  <testcase classname="com.test.OrangeHRMTest" name="checkAdminButtonDisplayed" time="1.792"/>
  <testcase classname="com.test.OrangeHRMTest" name="logOutOrangeHrm" time="1.626"/>
</testsuite> <!-- Default test -->
