<?xml version="1.0" encoding="UTF-8"?>
<testng-results ignored="0" total="3" passed="3" failed="0" skipped="0">
  <reporter-output>
  </reporter-output>
  <suite started-at="2025-02-08T22:23:29 IST" name="AdhocSuite" finished-at="2025-02-08T22:23:40 IST" duration-ms="11057">
    <groups>
    </groups>
    <test started-at="2025-02-08T22:23:29 IST" name="AdhocTest" finished-at="2025-02-08T22:23:40 IST" duration-ms="11057">
      <class name="listenersDemo.OrangeHrmTestcases">
        <test-method signature="orangeHrmLogin()[pri:1, instance:listenersDemo.OrangeHrmTestcases@293a5bf6]" started-at="2025-02-08T22:23:29 IST" name="orangeHrmLogin" finished-at="2025-02-08T22:23:36 IST" duration-ms="6649" status="PASS">
          <reporter-output>
          </reporter-output>
        </test-method> <!-- orangeHrmLogin -->
        <test-method signature="checkAdminButtonDisplayed()[pri:2, instance:listenersDemo.OrangeHrmTestcases@293a5bf6]" started-at="2025-02-08T22:23:36 IST" name="checkAdminButtonDisplayed" finished-at="2025-02-08T22:23:39 IST" duration-ms="2804" status="PASS">
          <reporter-output>
          </reporter-output>
        </test-method> <!-- checkAdminButtonDisplayed -->
        <test-method signature="logOutOrangeHrm()[pri:3, instance:listenersDemo.OrangeHrmTestcases@293a5bf6]" started-at="2025-02-08T22:23:39 IST" name="logOutOrangeHrm" finished-at="2025-02-08T22:23:40 IST" duration-ms="1573" status="PASS">
          <reporter-output>
          </reporter-output>
        </test-method> <!-- logOutOrangeHrm -->
      </class> <!-- listenersDemo.OrangeHrmTestcases -->
    </test> <!-- AdhocTest -->
  </suite> <!-- AdhocSuite -->
</testng-results>
